  settingContent.cpp
D:\tài liệu\wx\include\wx\buffer.h(138,9): warning C4566: character represented by universal-character-name '\u1EC7' cannot be represented in the current code page (1252)
D:\tài liệu\wx\include\wx\buffer.h(139,9): warning C4566: character represented by universal-character-name '\u1EC7' cannot be represented in the current code page (1252)
D:\tài liệu\wx\include\wx\buffer.h(320,9): warning C4566: character represented by universal-character-name '\u1EC7' cannot be represented in the current code page (1252)
D:\tài liệu\wx\include\wx\buffer.h(321,9): warning C4566: character represented by universal-character-name '\u1EC7' cannot be represented in the current code page (1252)
D:\tài liệu\wx\include\wx\buffer.h(347,9): warning C4566: character represented by universal-character-name '\u1EC7' cannot be represented in the current code page (1252)
D:\tài liệu\wx\include\wx\buffer.h(348,9): warning C4566: character represented by universal-character-name '\u1EC7' cannot be represented in the current code page (1252)
D:\tài liệu\wx\include\wx\buffer.h(350,9): warning C4566: character represented by universal-character-name '\u1EC7' cannot be represented in the current code page (1252)
D:\tài liệu\wx\include\wx\buffer.h(491,9): warning C4566: character represented by universal-character-name '\u1EC7' cannot be represented in the current code page (1252)
D:\tài liệu\wx\include\wx\buffer.h(560,9): warning C4566: character represented by universal-character-name '\u1EC7' cannot be represented in the current code page (1252)
D:\tài liệu\wx\include\wx\buffer.h(592,9): warning C4566: character represented by universal-character-name '\u1EC7' cannot be represented in the current code page (1252)
D:\tài liệu\wx\include\wx\strvararg.h(256,1): warning C4566: character represented by universal-character-name '\u1EC7' cannot be represented in the current code page (1252)
D:\tài liệu\wx\include\wx\strvararg.h(462,9): warning C4566: character represented by universal-character-name '\u1EC7' cannot be represented in the current code page (1252)
D:\tài liệu\wx\include\wx\strvararg.h(521,9): warning C4566: character represented by universal-character-name '\u1EC7' cannot be represented in the current code page (1252)
D:\tài liệu\wx\include\wx\strvararg.h(538,9): warning C4566: character represented by universal-character-name '\u1EC7' cannot be represented in the current code page (1252)
D:\tài liệu\wx\include\wx\strvararg.h(555,9): warning C4566: character represented by universal-character-name '\u1EC7' cannot be represented in the current code page (1252)
D:\tài liệu\wx\include\wx\strvararg.h(780,1): warning C4566: character represented by universal-character-name '\u1EC7' cannot be represented in the current code page (1252)
D:\tài liệu\wx\include\wx\string.h(232,1): warning C4566: character represented by universal-character-name '\u1EC7' cannot be represented in the current code page (1252)
D:\tài liệu\wx\include\wx\string.h(433,11): warning C4566: character represented by universal-character-name '\u1EC7' cannot be represented in the current code page (1252)
D:\tài liệu\wx\include\wx\string.h(1529,7): warning C4566: character represented by universal-character-name '\u1EC7' cannot be represented in the current code page (1252)
D:\tài liệu\wx\include\wx\string.h(1536,7): warning C4566: character represented by universal-character-name '\u1EC7' cannot be represented in the current code page (1252)
D:\tài liệu\wx\include\wx\string.h(1748,1): warning C4566: character represented by universal-character-name '\u1EC7' cannot be represented in the current code page (1252)
D:\tài liệu\wx\include\wx\string.h(2451,1): warning C4566: character represented by universal-character-name '\u1EC7' cannot be represented in the current code page (1252)
D:\tài liệu\wx\include\wx\string.h(3829,9): warning C4566: character represented by universal-character-name '\u1EC7' cannot be represented in the current code page (1252)
D:\tài liệu\wx\include\wx\string.h(3945,9): warning C4566: character represented by universal-character-name '\u1EC7' cannot be represented in the current code page (1252)
D:\tài liệu\wx\include\wx\string.h(3963,9): warning C4566: character represented by universal-character-name '\u1EC7' cannot be represented in the current code page (1252)
D:\tài liệu\wx\include\wx\string.h(3967,9): warning C4566: character represented by universal-character-name '\u1EC7' cannot be represented in the current code page (1252)
D:\tài liệu\wx\include\wx\wxcrt.h(844,9): warning C4566: character represented by universal-character-name '\u1EC7' cannot be represented in the current code page (1252)
D:\tài liệu\wx\include\wx\object.h(160,5): warning C4566: character represented by universal-character-name '\u1EC7' cannot be represented in the current code page (1252)
D:\tài liệu\wx\include\wx\object.h(312,9): warning C4566: character represented by universal-character-name '\u1EC7' cannot be represented in the current code page (1252)
D:\tài liệu\wx\include\wx\object.h(318,9): warning C4566: character represented by universal-character-name '\u1EC7' cannot be represented in the current code page (1252)
D:\tài liệu\wx\include\wx\dynarray.h(838,1): warning C4566: character represented by universal-character-name '\u1EC7' cannot be represented in the current code page (1252)
D:\tài liệu\wx\include\wx\dynarray.h(839,1): warning C4566: character represented by universal-character-name '\u1EC7' cannot be represented in the current code page (1252)
D:\tài liệu\wx\include\wx\dynarray.h(840,1): warning C4566: character represented by universal-character-name '\u1EC7' cannot be represented in the current code page (1252)
D:\tài liệu\wx\include\wx\dynarray.h(841,1): warning C4566: character represented by universal-character-name '\u1EC7' cannot be represented in the current code page (1252)
D:\tài liệu\wx\include\wx\dynarray.h(842,1): warning C4566: character represented by universal-character-name '\u1EC7' cannot be represented in the current code page (1252)
D:\tài liệu\wx\include\wx\dynarray.h(843,1): warning C4566: character represented by universal-character-name '\u1EC7' cannot be represented in the current code page (1252)
D:\tài liệu\wx\include\wx\dynarray.h(844,1): warning C4566: character represented by universal-character-name '\u1EC7' cannot be represented in the current code page (1252)
D:\tài liệu\wx\include\wx\dynarray.h(1021,1): warning C4566: character represented by universal-character-name '\u1EC7' cannot be represented in the current code page (1252)
D:\tài liệu\wx\include\wx\dynarray.h(1022,1): warning C4566: character represented by universal-character-name '\u1EC7' cannot be represented in the current code page (1252)
D:\tài liệu\wx\include\wx\dynarray.h(1023,1): warning C4566: character represented by universal-character-name '\u1EC7' cannot be represented in the current code page (1252)
D:\tài liệu\wx\include\wx\dynarray.h(1024,1): warning C4566: character represented by universal-character-name '\u1EC7' cannot be represented in the current code page (1252)
D:\tài liệu\wx\include\wx\dynarray.h(1025,1): warning C4566: character represented by universal-character-name '\u1EC7' cannot be represented in the current code page (1252)
D:\tài liệu\wx\include\wx\vector.h(93,9): warning C4566: character represented by universal-character-name '\u1EC7' cannot be represented in the current code page (1252)
D:\tài liệu\wx\include\wx\vector.h(105,9): warning C4566: character represented by universal-character-name '\u1EC7' cannot be represented in the current code page (1252)
D:\tài liệu\wx\include\wx\vector.h(398,9): warning C4566: character represented by universal-character-name '\u1EC7' cannot be represented in the current code page (1252)
D:\tài liệu\wx\include\wx\vector.h(404,9): warning C4566: character represented by universal-character-name '\u1EC7' cannot be represented in the current code page (1252)
D:\tài liệu\wx\include\wx\vector.h(471,9): warning C4566: character represented by universal-character-name '\u1EC7' cannot be represented in the current code page (1252)
D:\tài liệu\wx\include\wx\list.h(390,11): warning C4566: character represented by universal-character-name '\u1EC7' cannot be represented in the current code page (1252)
D:\tài liệu\wx\include\wx\list.h(392,11): warning C4566: character represented by universal-character-name '\u1EC7' cannot be represented in the current code page (1252)
D:\tài liệu\wx\include\wx\list.h(517,11): warning C4566: character represented by universal-character-name '\u1EC7' cannot be represented in the current code page (1252)
D:\tài liệu\wx\include\wx\list.h(1196,1): warning C4566: character represented by universal-character-name '\u1EC7' cannot be represented in the current code page (1252)
D:\tài liệu\wx\include\wx\list.h(1242,1): warning C4566: character represented by universal-character-name '\u1EC7' cannot be represented in the current code page (1252)
D:\tài liệu\wx\include\wx\arrstr.h(178,1): warning C4566: character represented by universal-character-name '\u1EC7' cannot be represented in the current code page (1252)
D:\tài liệu\wx\include\wx\arrstr.h(191,1): warning C4566: character represented by universal-character-name '\u1EC7' cannot be represented in the current code page (1252)
D:\tài liệu\wx\include\wx\arrstr.h(487,9): warning C4566: character represented by universal-character-name '\u1EC7' cannot be represented in the current code page (1252)
D:\tài liệu\wx\include\wx\scopedptr.h(79,9): warning C4566: character represented by universal-character-name '\u1EC7' cannot be represented in the current code page (1252)
D:\tài liệu\wx\include\wx\scopedptr.h(85,9): warning C4566: character represented by universal-character-name '\u1EC7' cannot be represented in the current code page (1252)
D:\tài liệu\wx\include\wx\translation.h(55,1): warning C4566: character represented by universal-character-name '\u1EC7' cannot be represented in the current code page (1252)
D:\tài liệu\wx\include\wx\log.h(915,9): warning C4566: character represented by universal-character-name '\u1EC7' cannot be represented in the current code page (1252)
D:\tài liệu\wx\include\wx\math.h(151,1): warning C4566: character represented by universal-character-name '\u1EC7' cannot be represented in the current code page (1252)
D:\tài liệu\wx\include\wx\gdicmn.h(690,1): warning C4566: character represented by universal-character-name '\u1EC7' cannot be represented in the current code page (1252)
D:\tài liệu\wx\include\wx\msw\gdiimage.h(26,1): warning C4566: character represented by universal-character-name '\u1EC7' cannot be represented in the current code page (1252)
D:\tài liệu\wx\include\wx\msw\gdiimage.h(147,9): warning C4566: character represented by universal-character-name '\u1EC7' cannot be represented in the current code page (1252)
D:\tài liệu\wx\include\wx\mousestate.h(105,9): warning C4566: character represented by universal-character-name '\u1EC7' cannot be represented in the current code page (1252)
D:\tài liệu\wx\include\wx\longlong.h(179,1): warning C4566: character represented by universal-character-name '\u1EC7' cannot be represented in the current code page (1252)
D:\tài liệu\wx\include\wx\longlong.h(407,1): warning C4566: character represented by universal-character-name '\u1EC7' cannot be represented in the current code page (1252)
D:\tài liệu\wx\include\wx\longlong.h(1134,10): warning C4566: character represented by universal-character-name '\u1EC7' cannot be represented in the current code page (1252)
D:\tài liệu\wx\include\wx\utils.h(536,5): warning C4566: character represented by universal-character-name '\u1EC7' cannot be represented in the current code page (1252)
D:\tài liệu\wx\include\wx\tracker.h(57,9): warning C4566: character represented by universal-character-name '\u1EC7' cannot be represented in the current code page (1252)
D:\tài liệu\wx\include\wx\datetime.h(846,9): warning C4566: character represented by universal-character-name '\u1EC7' cannot be represented in the current code page (1252)
D:\tài liệu\wx\include\wx\datetime.h(852,9): warning C4566: character represented by universal-character-name '\u1EC7' cannot be represented in the current code page (1252)
D:\tài liệu\wx\include\wx\datetime.h(858,9): warning C4566: character represented by universal-character-name '\u1EC7' cannot be represented in the current code page (1252)
D:\tài liệu\wx\include\wx\datetime.h(864,9): warning C4566: character represented by universal-character-name '\u1EC7' cannot be represented in the current code page (1252)
D:\tài liệu\wx\include\wx\datetime.h(870,9): warning C4566: character represented by universal-character-name '\u1EC7' cannot be represented in the current code page (1252)
D:\tài liệu\wx\include\wx\datetime.h(876,9): warning C4566: character represented by universal-character-name '\u1EC7' cannot be represented in the current code page (1252)
D:\tài liệu\wx\include\wx\datetime.h(1551,1): warning C4566: character represented by universal-character-name '\u1EC7' cannot be represented in the current code page (1252)
D:\tài liệu\wx\include\wx\datetime.h(1702,5): warning C4566: character represented by universal-character-name '\u1EC7' cannot be represented in the current code page (1252)
D:\tài liệu\wx\include\wx\datetime.h(1733,5): warning C4566: character represented by universal-character-name '\u1EC7' cannot be represented in the current code page (1252)
D:\tài liệu\wx\include\wx\datetime.h(1740,5): warning C4566: character represented by universal-character-name '\u1EC7' cannot be represented in the current code page (1252)
D:\tài liệu\wx\include\wx\datetime.h(1808,5): warning C4566: character represented by universal-character-name '\u1EC7' cannot be represented in the current code page (1252)
D:\tài liệu\wx\include\wx\datetime.h(1815,5): warning C4566: character represented by universal-character-name '\u1EC7' cannot be represented in the current code page (1252)
D:\tài liệu\wx\include\wx\datetime.h(1822,5): warning C4566: character represented by universal-character-name '\u1EC7' cannot be represented in the current code page (1252)
D:\tài liệu\wx\include\wx\datetime.h(1879,5): warning C4566: character represented by universal-character-name '\u1EC7' cannot be represented in the current code page (1252)
D:\tài liệu\wx\include\wx\datetime.h(1886,5): warning C4566: character represented by universal-character-name '\u1EC7' cannot be represented in the current code page (1252)
D:\tài liệu\wx\include\wx\datetime.h(1900,5): warning C4566: character represented by universal-character-name '\u1EC7' cannot be represented in the current code page (1252)
D:\tài liệu\wx\include\wx\datetime.h(1907,5): warning C4566: character represented by universal-character-name '\u1EC7' cannot be represented in the current code page (1252)
D:\tài liệu\wx\include\wx\datetime.h(1921,5): warning C4566: character represented by universal-character-name '\u1EC7' cannot be represented in the current code page (1252)
D:\tài liệu\wx\include\wx\variant.h(101,1): warning C4566: character represented by universal-character-name '\u1EC7' cannot be represented in the current code page (1252)
D:\tài liệu\wx\include\wx\any.h(980,13): warning C4566: character represented by universal-character-name '\u1EC7' cannot be represented in the current code page (1252)
D:\tài liệu\wx\include\wx\any.h(994,13): warning C4566: character represented by universal-character-name '\u1EC7' cannot be represented in the current code page (1252)
D:\tài liệu\wx\include\wx\any.h(1113,1): warning C4566: character represented by universal-character-name '\u1EC7' cannot be represented in the current code page (1252)
D:\tài liệu\wx\include\wx\event.h(404,1): warning C4566: character represented by universal-character-name '\u1EC7' cannot be represented in the current code page (1252)
D:\tài liệu\wx\include\wx\event.h(420,13): warning C4566: character represented by universal-character-name '\u1EC7' cannot be represented in the current code page (1252)
D:\tài liệu\wx\include\wx\event.h(1153,1): warning C4566: character represented by universal-character-name '\u1EC7' cannot be represented in the current code page (1252)
D:\tài liệu\wx\include\wx\event.h(2415,1): warning C4566: character represented by universal-character-name '\u1EC7' cannot be represented in the current code page (1252)
D:\tài liệu\wx\include\wx\event.h(2424,1): warning C4566: character represented by universal-character-name '\u1EC7' cannot be represented in the current code page (1252)
D:\tài liệu\wx\include\wx\event.h(3178,1): warning C4566: character represented by universal-character-name '\u1EC7' cannot be represented in the current code page (1252)
D:\tài liệu\wx\include\wx\event.h(3269,1): warning C4566: character represented by universal-character-name '\u1EC7' cannot be represented in the current code page (1252)
D:\tài liệu\wx\include\wx\event.h(3768,1): warning C4566: character represented by universal-character-name '\u1EC7' cannot be represented in the current code page (1252)
D:\tài liệu\wx\include\wx\event.h(3836,5): warning C4566: character represented by universal-character-name '\u1EC7' cannot be represented in the current code page (1252)
D:\tài liệu\wx\include\wx\event.h(3846,5): warning C4566: character represented by universal-character-name '\u1EC7' cannot be represented in the current code page (1252)
D:\tài liệu\wx\include\wx\eventfilter.h(48,9): warning C4566: character represented by universal-character-name '\u1EC7' cannot be represented in the current code page (1252)
D:\tài liệu\wx\include\wx\stopwatch.h(51,1): warning C4566: character represented by universal-character-name '\u1EC7' cannot be represented in the current code page (1252)
D:\tài liệu\wx\include\wx\module.h(21,1): warning C4566: character represented by universal-character-name '\u1EC7' cannot be represented in the current code page (1252)
D:\tài liệu\wx\include\wx\module.h(25,1): warning C4566: character represented by universal-character-name '\u1EC7' cannot be represented in the current code page (1252)
D:\tài liệu\wx\include\wx\module.h(71,9): warning C4566: character represented by universal-character-name '\u1EC7' cannot be represented in the current code page (1252)
D:\tài liệu\wx\include\wx\palette.h(27,43): warning C4566: character represented by universal-character-name '\u1EC7' cannot be represented in the current code page (1252)
D:\tài liệu\wx\include\wx\window.h(151,1): warning C4566: character represented by universal-character-name '\u1EC7' cannot be represented in the current code page (1252)
D:\tài liệu\wx\include\wx\containr.h(57,9): warning C4566: character represented by universal-character-name '\u1EC7' cannot be represented in the current code page (1252)
D:\tài liệu\wx\include\wx\nonownedwnd.h(41,1): warning C4566: character represented by universal-character-name '\u1EC7' cannot be represented in the current code page (1252)
D:\tài liệu\wx\include\wx\nonownedwnd.h(54,1): warning C4566: character represented by universal-character-name '\u1EC7' cannot be represented in the current code page (1252)
D:\tài liệu\wx\include\wx\weakref.h(66,9): warning C4566: character represented by universal-character-name '\u1EC7' cannot be represented in the current code page (1252)
D:\tài liệu\wx\include\wx\weakref.h(129,9): warning C4566: character represented by universal-character-name '\u1EC7' cannot be represented in the current code page (1252)
D:\tài liệu\wx\include\wx\weakref.h(162,13): warning C4566: character represented by universal-character-name '\u1EC7' cannot be represented in the current code page (1252)
D:\tài liệu\wx\include\wx\weakref.h(182,13): warning C4566: character represented by universal-character-name '\u1EC7' cannot be represented in the current code page (1252)
D:\tài liệu\wx\include\wx\weakref.h(279,31): warning C4566: character represented by universal-character-name '\u1EC7' cannot be represented in the current code page (1252)
D:\tài liệu\wx\include\wx\weakref.h(280,31): warning C4566: character represented by universal-character-name '\u1EC7' cannot be represented in the current code page (1252)
D:\tài liệu\wx\include\wx\weakref.h(297,13): warning C4566: character represented by universal-character-name '\u1EC7' cannot be represented in the current code page (1252)
D:\tài liệu\wx\include\wx\weakref.h(305,9): warning C4566: character represented by universal-character-name '\u1EC7' cannot be represented in the current code page (1252)
D:\tài liệu\wx\include\wx\weakref.h(332,17): warning C4566: character represented by universal-character-name '\u1EC7' cannot be represented in the current code page (1252)
D:\tài liệu\wx\include\wx\toplevel.h(205,9): warning C4566: character represented by universal-character-name '\u1EC7' cannot be represented in the current code page (1252)
D:\tài liệu\wx\include\wx\statusbr.h(201,1): warning C4566: character represented by universal-character-name '\u1EC7' cannot be represented in the current code page (1252)
D:\tài liệu\wx\include\wx\affinematrix2dbase.h(95,9): warning C4566: character represented by universal-character-name '\u1EC7' cannot be represented in the current code page (1252)
D:\tài liệu\wx\include\wx\affinematrix2dbase.h(110,9): warning C4566: character represented by universal-character-name '\u1EC7' cannot be represented in the current code page (1252)
D:\tài liệu\wx\include\wx\menu.h(36,1): warning C4566: character represented by universal-character-name '\u1EC7' cannot be represented in the current code page (1252)
D:\tài liệu\wx\include\wx\menu.h(37,1): warning C4566: character represented by universal-character-name '\u1EC7' cannot be represented in the current code page (1252)
D:\tài liệu\wx\include\wx\msw\menu.h(18,5): warning C4566: character represented by universal-character-name '\u1EC7' cannot be represented in the current code page (1252)
D:\tài liệu\wx\include\wx\sharedptr.h(78,9): warning C4566: character represented by universal-character-name '\u1EC7' cannot be represented in the current code page (1252)
D:\tài liệu\wx\include\wx\sharedptr.h(79,9): warning C4566: character represented by universal-character-name '\u1EC7' cannot be represented in the current code page (1252)
D:\tài liệu\wx\include\wx\sharedptr.h(85,9): warning C4566: character represented by universal-character-name '\u1EC7' cannot be represented in the current code page (1252)
D:\tài liệu\wx\include\wx\sharedptr.h(86,9): warning C4566: character represented by universal-character-name '\u1EC7' cannot be represented in the current code page (1252)
D:\tài liệu\wx\include\wx\msgdlg.h(40,13): warning C4566: character represented by universal-character-name '\u1EC7' cannot be represented in the current code page (1252)
D:\tài liệu\wx\include\wx\msgdlg.h(127,1): warning C4566: character represented by universal-character-name '\u1EC7' cannot be represented in the current code page (1252)
D:\tài liệu\wx\include\wx\msgdlg.h(130,1): warning C4566: character represented by universal-character-name '\u1EC7' cannot be represented in the current code page (1252)
D:\tài liệu\wx\include\wx\msgdlg.h(140,1): warning C4566: character represented by universal-character-name '\u1EC7' cannot be represented in the current code page (1252)
D:\tài liệu\wx\include\wx\msgdlg.h(143,1): warning C4566: character represented by universal-character-name '\u1EC7' cannot be represented in the current code page (1252)
D:\tài liệu\wx\include\wx\msgdlg.h(146,1): warning C4566: character represented by universal-character-name '\u1EC7' cannot be represented in the current code page (1252)
D:\tài liệu\wx\include\wx\msgdlg.h(149,1): warning C4566: character represented by universal-character-name '\u1EC7' cannot be represented in the current code page (1252)
D:\tài liệu\wx\include\wx\dataobj.h(261,1): warning C4566: character represented by universal-character-name '\u1EC7' cannot be represented in the current code page (1252)
D:\tài liệu\wx\include\wx\ctrlsub.h(124,1): warning C4566: character represented by universal-character-name '\u1EC7' cannot be represented in the current code page (1252)
D:\tài liệu\wx\include\wx\ctrlsub.h(133,1): warning C4566: character represented by universal-character-name '\u1EC7' cannot be represented in the current code page (1252)
D:\tài liệu\wx\include\wx\ctrlsub.h(144,9): warning C4566: character represented by universal-character-name '\u1EC7' cannot be represented in the current code page (1252)
D:\tài liệu\wx\include\wx\ctrlsub.h(147,1): warning C4566: character represented by universal-character-name '\u1EC7' cannot be represented in the current code page (1252)
D:\tài liệu\wx\include\wx\ctrlsub.h(154,1): warning C4566: character represented by universal-character-name '\u1EC7' cannot be represented in the current code page (1252)
D:\tài liệu\wx\include\wx\ctrlsub.h(169,1): warning C4566: character represented by universal-character-name '\u1EC7' cannot be represented in the current code page (1252)
D:\tài liệu\wx\include\wx\ctrlsub.h(179,1): warning C4566: character represented by universal-character-name '\u1EC7' cannot be represented in the current code page (1252)
D:\tài liệu\wx\include\wx\checkbox.h(61,1): warning C4566: character represented by universal-character-name '\u1EC7' cannot be represented in the current code page (1252)
D:\tài liệu\wx\include\wx\checkbox.h(74,1): warning C4566: character represented by universal-character-name '\u1EC7' cannot be represented in the current code page (1252)
D:\tài liệu\wx\include\wx\checkbox.h(86,13): warning C4566: character represented by universal-character-name '\u1EC7' cannot be represented in the current code page (1252)
D:\tài liệu\wx\include\wx\checkbox.h(115,70): warning C4566: character represented by universal-character-name '\u1EC7' cannot be represented in the current code page (1252)
D:\tài liệu\wx\include\wx\checkbox.h(119,9): warning C4566: character represented by universal-character-name '\u1EC7' cannot be represented in the current code page (1252)
D:\tài liệu\wx\include\wx\checkbox.h(146,1): warning C4566: character represented by universal-character-name '\u1EC7' cannot be represented in the current code page (1252)
D:\tài liệu\wx\include\wx\checkbox.h(155,1): warning C4566: character represented by universal-character-name '\u1EC7' cannot be represented in the current code page (1252)
D:\tài liệu\wx\include\wx\msw\listbox.h(26,3): warning C4566: character represented by universal-character-name '\u1EC7' cannot be represented in the current code page (1252)
D:\tài liệu\wx\include\wx\radiobox.h(26,1): warning C4566: character represented by universal-character-name '\u1EC7' cannot be represented in the current code page (1252)
D:\tài liệu\wx\include\wx\tbarbase.h(113,9): warning C4566: character represented by universal-character-name '\u1EC7' cannot be represented in the current code page (1252)
D:\tài liệu\wx\include\wx\tbarbase.h(129,9): warning C4566: character represented by universal-character-name '\u1EC7' cannot be represented in the current code page (1252)
D:\tài liệu\wx\include\wx\tbarbase.h(136,9): warning C4566: character represented by universal-character-name '\u1EC7' cannot be represented in the current code page (1252)
D:\tài liệu\wx\include\wx\tbarbase.h(272,1): warning C4566: character represented by universal-character-name '\u1EC7' cannot be represented in the current code page (1252)
D:\tài liệu\wx\include\wx\combobox.h(59,28): warning C4566: character represented by universal-character-name '\u1EC7' cannot be represented in the current code page (1252)
D:\tài liệu\wx\include\wx\combobox.h(60,30): warning C4566: character represented by universal-character-name '\u1EC7' cannot be represented in the current code page (1252)
D:\tài liệu\wx\include\wx\sizer.h(129,1): warning C4566: character represented by universal-character-name '\u1EC7' cannot be represented in the current code page (1252)
D:\tài liệu\wx\include\wx\sizer.h(488,1): warning C4566: character represented by universal-character-name '\u1EC7' cannot be represented in the current code page (1252)
D:\tài liệu\wx\include\wx\sizer.h(768,9): warning C4566: character represented by universal-character-name '\u1EC7' cannot be represented in the current code page (1252)
D:\tài liệu\wx\include\wx\sizer.h(774,9): warning C4566: character represented by universal-character-name '\u1EC7' cannot be represented in the current code page (1252)
D:\tài liệu\wx\include\wx\sizer.h(814,1): warning C4566: character represented by universal-character-name '\u1EC7' cannot be represented in the current code page (1252)
D:\tài liệu\wx\include\wx\sizer.h(825,1): warning C4566: character represented by universal-character-name '\u1EC7' cannot be represented in the current code page (1252)
D:\tài liệu\wx\include\wx\sizer.h(940,1): warning C4566: character represented by universal-character-name '\u1EC7' cannot be represented in the current code page (1252)
  WindowsProject2.vcxproj -> C:\Users\TA\source\repos\WindowsProject2\Debug\WindowsProject2.exe
